<?xml version="1.0" encoding="UTF-8"?>
<beans xmlns="http://www.springframework.org/schema/beans"
	xmlns:xsi="http://www.w3.org/2001/XMLSchema-instance"
	xsi:schemaLocation="http://www.springframework.org/schema/beans http://www.springframework.org/schema/beans/spring-beans-2.5.xsd">
	
	<bean name="repositoryRegistry" class="it.amattioli.dominate.RepositoryRegistry">
		<property name="repositoryFactory">
			<bean class="it.amattioli.springate.FakeRepositoryFactory"/>
		</property>
	</bean>
	
	<bean name="applicateSession" class="it.amattioli.springate.FakeApplicateSession" scope="prototype">
		
	</bean>
	
</beans>