<?xml version='1.0' encoding='utf-8'?>
<!DOCTYPE hibernate-configuration PUBLIC
    "-//Hibernate/Hibernate Configuration DTD//EN"
    "http://hibernate.sourceforge.net/hibernate-configuration-3.0.dtd">

<hibernate-configuration>

    <session-factory>
		<property name="hibernate.dialect">org.hibernate.dialect.HSQLDialect</property>
        <property name="hibernate.connection.driver_class">org.hsqldb.jdbcDriver</property>
        <property name="hibernate.connection.url">jdbc:hsqldb:mem:baseball</property>
        <property name="hibernate.connection.username">sa</property>
        <property name="hibernate.connection.password"></property>
        <property name="hibernate.connection.pool_size">1</property>
        <property name="hibernate.connection.autocommit">true</property>
        <property name="hibernate.cache.provider_class">org.hibernate.cache.HashtableCacheProvider</property>
        <property name="hibernate.hbm2ddl.auto">create-drop</property>
        <property name="hibernate.show_sql">true</property>

        <mapping resource="it/amattioli/dominate/hibernate/FakeEntity.hbm.xml"/>
        <mapping resource="it/amattioli/dominate/hibernate/AssociatedEntity.hbm.xml"/>

    </session-factory>

</hibernate-configuration>
